<?xml version="1.0" encoding="UTF-8"?>
<!-- Generated by org.testng.reporters.JUnitXMLReporter -->
<testsuite ignored="0" hostname="Akshay-L14-3Z4D" failures="0" tests="3" name="Default test" time="12.225" errors="0" timestamp="2024-06-18T16:45:13 IST">
  <testcase classname="Position2.ArenaSuite.tests.Login" name="inValidLogin" time="4.615"/>
  <testcase classname="Position2.ArenaSuite.tests.Login" name="testClearInputFields" time="0.113"/>
  <testcase classname="Position2.ArenaSuite.tests.Login" name="validLogin" time="0.357"/>
</testsuite> <!-- Default test -->
